odoo/
odoo/.bash_history
odoo/.local/
odoo/.local/share/
odoo/.local/share/Odoo/
odoo/.local/share/Odoo/addons/
odoo/.local/share/Odoo/addons/18.0/
odoo/.local/share/Odoo/sessions/
odoo/.local/share/Odoo/sessions/N-/
odoo/.local/share/Odoo/sessions/d6/
odoo/.local/share/Odoo/sessions/DA/
odoo/.local/share/Odoo/sessions/DA/DA7Nec5c7umrXJOr04MAyYXoqfrgbHjXrMDcFOkeDLHtrit2QYqEFGzrcnyO6Jzxe3zR1D1-ItOKoCQzmefs
odoo/.local/share/Odoo/filestore/
odoo/.local/share/Odoo/filestore/dbx/
odoo/.local/share/Odoo/filestore/dbx/c3/
odoo/.local/share/Odoo/filestore/dbx/c3/c342e05cc1f13dbfe9cb591e6f6518c5ead9c8e7
odoo/.local/share/Odoo/filestore/dbx/c3/c33684082a1e03bbcb7bce2572ccc58d836f2d9d
odoo/.local/share/Odoo/filestore/dbx/f6/
odoo/.local/share/Odoo/filestore/dbx/f6/f6c40aedc0938c1cf7bb719a6b983ead8d099c6c
odoo/.local/share/Odoo/filestore/dbx/f6/f6ef5c3e4f6b0bb9264106dfa871c53b8ccbaf73
odoo/.local/share/Odoo/filestore/dbx/af/
odoo/.local/share/Odoo/filestore/dbx/af/af8c026eb2cfa3260349f78c25530ebccee30766
odoo/.local/share/Odoo/filestore/dbx/af/af2f293b00ed8b785ab93c799d42f2d5363fe434
odoo/.local/share/Odoo/filestore/dbx/af/aff8880324ce09ed2ed0111f9c29c9bc16a78743
odoo/.local/share/Odoo/filestore/dbx/af/af4fa0fdb50ef340eb2d6cde993a5961b3c316af
odoo/.local/share/Odoo/filestore/dbx/af/af5deb8cae2b8bb3984393d6bdbf4f6a60f71f72
odoo/.local/share/Odoo/filestore/dbx/af/af780d5f508d43ea776089b3e86895128327f152
odoo/.local/share/Odoo/filestore/dbx/fd/
odoo/.local/share/Odoo/filestore/dbx/fd/fd6b1272f2ddedde612b8e29227b6144a54c35e9
odoo/.local/share/Odoo/filestore/dbx/48/
odoo/.local/share/Odoo/filestore/dbx/48/48f096306c5c9f5506a84a27c6eaf0774b00e5b1
odoo/.local/share/Odoo/filestore/dbx/48/48c74e0562a9887fccde6079b766c08ba86a2069
odoo/.local/share/Odoo/filestore/dbx/38/
odoo/.local/share/Odoo/filestore/dbx/38/3873b7c5977fcd69813f734734d8c85dc6a8796e
odoo/.local/share/Odoo/filestore/dbx/38/38248de416b95f0acd15fb6b663468f5379f462f
odoo/.local/share/Odoo/filestore/dbx/38/38d5cfb73f232a9fe2dde4795a4207be965ab5c3
odoo/.local/share/Odoo/filestore/dbx/80/
odoo/.local/share/Odoo/filestore/dbx/80/80455e303c1c8625b50401e1cbe1bff62084132a
odoo/.local/share/Odoo/filestore/dbx/80/80d13b2491bcd9c8072808ea24820237cb3ec4a5
odoo/.local/share/Odoo/filestore/dbx/80/8094dac7f0e9c49b3fa818bfe626617926d4b66c
odoo/.local/share/Odoo/filestore/dbx/80/805386fe1e2d7b5d22d17575f1bc11f9d552105c
odoo/.local/share/Odoo/filestore/dbx/checklist/
odoo/.local/share/Odoo/filestore/dbx/checklist/c3/
odoo/.local/share/Odoo/filestore/dbx/checklist/f6/
odoo/.local/share/Odoo/filestore/dbx/checklist/af/
odoo/.local/share/Odoo/filestore/dbx/checklist/fd/
odoo/.local/share/Odoo/filestore/dbx/checklist/48/
odoo/.local/share/Odoo/filestore/dbx/checklist/38/
odoo/.local/share/Odoo/filestore/dbx/checklist/80/
odoo/.local/share/Odoo/filestore/dbx/checklist/09/
odoo/.local/share/Odoo/filestore/dbx/checklist/1c/
odoo/.local/share/Odoo/filestore/dbx/checklist/96/
odoo/.local/share/Odoo/filestore/dbx/checklist/d9/
odoo/.local/share/Odoo/filestore/dbx/checklist/98/
odoo/.local/share/Odoo/filestore/dbx/checklist/76/
odoo/.local/share/Odoo/filestore/dbx/checklist/55/
odoo/.local/share/Odoo/filestore/dbx/checklist/c5/
odoo/.local/share/Odoo/filestore/dbx/checklist/c6/
odoo/.local/share/Odoo/filestore/dbx/checklist/0c/
odoo/.local/share/Odoo/filestore/dbx/checklist/52/
odoo/.local/share/Odoo/filestore/dbx/checklist/fa/
odoo/.local/share/Odoo/filestore/dbx/checklist/0a/
odoo/.local/share/Odoo/filestore/dbx/checklist/23/
odoo/.local/share/Odoo/filestore/dbx/checklist/7a/
odoo/.local/share/Odoo/filestore/dbx/checklist/b8/
odoo/.local/share/Odoo/filestore/dbx/checklist/03/
odoo/.local/share/Odoo/filestore/dbx/checklist/9a/
odoo/.local/share/Odoo/filestore/dbx/checklist/51/
odoo/.local/share/Odoo/filestore/dbx/checklist/06/
odoo/.local/share/Odoo/filestore/dbx/checklist/fb/
odoo/.local/share/Odoo/filestore/dbx/checklist/22/
odoo/.local/share/Odoo/filestore/dbx/checklist/ac/
odoo/.local/share/Odoo/filestore/dbx/checklist/5c/
odoo/.local/share/Odoo/filestore/dbx/checklist/18/
odoo/.local/share/Odoo/filestore/dbx/checklist/6f/
odoo/.local/share/Odoo/filestore/dbx/checklist/6b/
odoo/.local/share/Odoo/filestore/dbx/checklist/4d/
odoo/.local/share/Odoo/filestore/dbx/checklist/67/
odoo/.local/share/Odoo/filestore/dbx/checklist/7b/
odoo/.local/share/Odoo/filestore/dbx/checklist/3a/
odoo/.local/share/Odoo/filestore/dbx/checklist/cc/
odoo/.local/share/Odoo/filestore/dbx/checklist/0b/
odoo/.local/share/Odoo/filestore/dbx/checklist/86/
odoo/.local/share/Odoo/filestore/dbx/checklist/2c/
odoo/.local/share/Odoo/filestore/dbx/checklist/8a/
odoo/.local/share/Odoo/filestore/dbx/checklist/25/
odoo/.local/share/Odoo/filestore/dbx/checklist/05/
odoo/.local/share/Odoo/filestore/dbx/checklist/61/
odoo/.local/share/Odoo/filestore/dbx/checklist/9f/
odoo/.local/share/Odoo/filestore/dbx/checklist/32/
odoo/.local/share/Odoo/filestore/dbx/checklist/12/
odoo/.local/share/Odoo/filestore/dbx/checklist/ad/
odoo/.local/share/Odoo/filestore/dbx/checklist/58/
odoo/.local/share/Odoo/filestore/dbx/checklist/ff/
odoo/.local/share/Odoo/filestore/dbx/checklist/9e/
odoo/.local/share/Odoo/filestore/dbx/checklist/49/
odoo/.local/share/Odoo/filestore/dbx/checklist/1a/
odoo/.local/share/Odoo/filestore/dbx/checklist/fe/
odoo/.local/share/Odoo/filestore/dbx/checklist/bb/
odoo/.local/share/Odoo/filestore/dbx/checklist/59/
odoo/.local/share/Odoo/filestore/dbx/checklist/4a/
odoo/.local/share/Odoo/filestore/dbx/checklist/0e/
odoo/.local/share/Odoo/filestore/dbx/checklist/1e/
odoo/.local/share/Odoo/filestore/dbx/checklist/cf/
odoo/.local/share/Odoo/filestore/dbx/checklist/16/
odoo/.local/share/Odoo/filestore/dbx/checklist/a4/
odoo/.local/share/Odoo/filestore/dbx/checklist/9d/
odoo/.local/share/Odoo/filestore/dbx/checklist/31/
odoo/.local/share/Odoo/filestore/dbx/checklist/b5/
odoo/.local/share/Odoo/filestore/dbx/checklist/69/
odoo/.local/share/Odoo/filestore/dbx/checklist/a9/
odoo/.local/share/Odoo/filestore/dbx/checklist/39/
odoo/.local/share/Odoo/filestore/dbx/checklist/10/
odoo/.local/share/Odoo/filestore/dbx/checklist/f2/
odoo/.local/share/Odoo/filestore/dbx/checklist/c8/
odoo/.local/share/Odoo/filestore/dbx/checklist/63/
odoo/.local/share/Odoo/filestore/dbx/checklist/4c/
odoo/.local/share/Odoo/filestore/dbx/checklist/ab/
odoo/.local/share/Odoo/filestore/dbx/checklist/04/
odoo/.local/share/Odoo/filestore/dbx/checklist/82/
odoo/.local/share/Odoo/filestore/dbx/checklist/d2/
odoo/.local/share/Odoo/filestore/dbx/checklist/ca/
odoo/.local/share/Odoo/filestore/dbx/checklist/db/
odoo/.local/share/Odoo/filestore/dbx/checklist/5e/
odoo/.local/share/Odoo/filestore/dbx/checklist/e5/
odoo/.local/share/Odoo/filestore/dbx/checklist/40/
odoo/.local/share/Odoo/filestore/dbx/checklist/4e/
odoo/.local/share/Odoo/filestore/dbx/checklist/cd/
odoo/.local/share/Odoo/filestore/dbx/checklist/20/
odoo/.local/share/Odoo/filestore/dbx/checklist/1f/
odoo/.local/share/Odoo/filestore/dbx/checklist/17/
odoo/.local/share/Odoo/filestore/dbx/checklist/65/
odoo/.local/share/Odoo/filestore/dbx/checklist/e4/
odoo/.local/share/Odoo/filestore/dbx/checklist/5d/
odoo/.local/share/Odoo/filestore/dbx/checklist/e7/
odoo/.local/share/Odoo/filestore/dbx/checklist/92/
odoo/.local/share/Odoo/filestore/dbx/checklist/00/
odoo/.local/share/Odoo/filestore/dbx/checklist/7e/
odoo/.local/share/Odoo/filestore/dbx/checklist/f8/
odoo/.local/share/Odoo/filestore/dbx/checklist/f5/
odoo/.local/share/Odoo/filestore/dbx/checklist/66/
odoo/.local/share/Odoo/filestore/dbx/checklist/c9/
odoo/.local/share/Odoo/filestore/dbx/checklist/71/
odoo/.local/share/Odoo/filestore/dbx/checklist/2f/
odoo/.local/share/Odoo/filestore/dbx/checklist/50/
odoo/.local/share/Odoo/filestore/dbx/checklist/83/
odoo/.local/share/Odoo/filestore/dbx/checklist/e2/
odoo/.local/share/Odoo/filestore/dbx/checklist/42/
odoo/.local/share/Odoo/filestore/dbx/checklist/54/
odoo/.local/share/Odoo/filestore/dbx/checklist/2b/
odoo/.local/share/Odoo/filestore/dbx/checklist/bc/
odoo/.local/share/Odoo/filestore/dbx/checklist/ba/
odoo/.local/share/Odoo/filestore/dbx/checklist/b4/
odoo/.local/share/Odoo/filestore/dbx/checklist/2e/
odoo/.local/share/Odoo/filestore/dbx/checklist/a5/
odoo/.local/share/Odoo/filestore/dbx/checklist/64/
odoo/.local/share/Odoo/filestore/dbx/checklist/8c/
odoo/.local/share/Odoo/filestore/dbx/checklist/e9/
odoo/.local/share/Odoo/filestore/dbx/checklist/08/
odoo/.local/share/Odoo/filestore/dbx/checklist/60/
odoo/.local/share/Odoo/filestore/dbx/checklist/8b/
odoo/.local/share/Odoo/filestore/dbx/checklist/37/
odoo/.local/share/Odoo/filestore/dbx/checklist/57/
odoo/.local/share/Odoo/filestore/dbx/checklist/e3/
odoo/.local/share/Odoo/filestore/dbx/checklist/aa/
odoo/.local/share/Odoo/filestore/dbx/checklist/b7/
odoo/.local/share/Odoo/filestore/dbx/checklist/f0/
odoo/.local/share/Odoo/filestore/dbx/checklist/84/
odoo/.local/share/Odoo/filestore/dbx/checklist/21/
odoo/.local/share/Odoo/filestore/dbx/checklist/a7/
odoo/.local/share/Odoo/filestore/dbx/checklist/3b/
odoo/.local/share/Odoo/filestore/dbx/checklist/b0/
odoo/.local/share/Odoo/filestore/dbx/checklist/8f/
odoo/.local/share/Odoo/filestore/dbx/checklist/74/
odoo/.local/share/Odoo/filestore/dbx/checklist/d1/
odoo/.local/share/Odoo/filestore/dbx/checklist/c1/
odoo/.local/share/Odoo/filestore/dbx/checklist/a6/
odoo/.local/share/Odoo/filestore/dbx/checklist/a3/
odoo/.local/share/Odoo/filestore/dbx/checklist/9c/
odoo/.local/share/Odoo/filestore/dbx/checklist/c7/
odoo/.local/share/Odoo/filestore/dbx/checklist/7d/
odoo/.local/share/Odoo/filestore/dbx/checklist/36/
odoo/.local/share/Odoo/filestore/dbx/checklist/b6/
odoo/.local/share/Odoo/filestore/dbx/checklist/b2/
odoo/.local/share/Odoo/filestore/dbx/checklist/3e/
odoo/.local/share/Odoo/filestore/dbx/checklist/24/
odoo/.local/share/Odoo/filestore/dbx/checklist/43/
odoo/.local/share/Odoo/filestore/dbx/checklist/ea/
odoo/.local/share/Odoo/filestore/dbx/checklist/3d/
odoo/.local/share/Odoo/filestore/dbx/checklist/7c/
odoo/.local/share/Odoo/filestore/dbx/checklist/d6/
odoo/.local/share/Odoo/filestore/dbx/checklist/7f/
odoo/.local/share/Odoo/filestore/dbx/checklist/75/
odoo/.local/share/Odoo/filestore/dbx/checklist/d5/
odoo/.local/share/Odoo/filestore/dbx/checklist/f9/
odoo/.local/share/Odoo/filestore/dbx/checklist/4f/
odoo/.local/share/Odoo/filestore/dbx/checklist/cb/
odoo/.local/share/Odoo/filestore/dbx/checklist/f3/
odoo/.local/share/Odoo/filestore/dbx/checklist/27/
odoo/.local/share/Odoo/filestore/dbx/checklist/01/
odoo/.local/share/Odoo/filestore/dbx/checklist/a1/
odoo/.local/share/Odoo/filestore/dbx/checklist/fc/
odoo/.local/share/Odoo/filestore/dbx/checklist/ec/
odoo/.local/share/Odoo/filestore/dbx/checklist/70/
odoo/.local/share/Odoo/filestore/dbx/checklist/46/
odoo/.local/share/Odoo/filestore/dbx/checklist/eb/
odoo/.local/share/Odoo/filestore/dbx/checklist/5f/
odoo/.local/share/Odoo/filestore/dbx/checklist/15/
odoo/.local/share/Odoo/filestore/dbx/checklist/13/
odoo/.local/share/Odoo/filestore/dbx/checklist/b3/
odoo/.local/share/Odoo/filestore/dbx/checklist/d0/
odoo/.local/share/Odoo/filestore/dbx/checklist/19/
odoo/.local/share/Odoo/filestore/dbx/checklist/4b/
odoo/.local/share/Odoo/filestore/dbx/checklist/95/
odoo/.local/share/Odoo/filestore/dbx/checklist/bf/
odoo/.local/share/Odoo/filestore/dbx/checklist/88/
odoo/.local/share/Odoo/filestore/dbx/checklist/d7/
odoo/.local/share/Odoo/filestore/dbx/checklist/6c/
odoo/.local/share/Odoo/filestore/dbx/checklist/78/
odoo/.local/share/Odoo/filestore/dbx/checklist/91/
odoo/.local/share/Odoo/filestore/dbx/checklist/68/
odoo/.local/share/Odoo/filestore/dbx/checklist/30/
odoo/.local/share/Odoo/filestore/dbx/checklist/dc/
odoo/.local/share/Odoo/filestore/dbx/checklist/72/
odoo/.local/share/Odoo/filestore/dbx/checklist/da/
odoo/.local/share/Odoo/filestore/dbx/checklist/94/
odoo/.local/share/Odoo/filestore/dbx/checklist/e1/
odoo/.local/share/Odoo/filestore/dbx/checklist/77/
odoo/.local/share/Odoo/filestore/dbx/checklist/47/
odoo/.local/share/Odoo/filestore/dbx/checklist/29/
odoo/.local/share/Odoo/filestore/dbx/checklist/87/
odoo/.local/share/Odoo/filestore/dbx/checklist/ee/
odoo/.local/share/Odoo/filestore/dbx/checklist/1d/
odoo/.local/share/Odoo/filestore/dbx/checklist/73/
odoo/.local/share/Odoo/filestore/dbx/checklist/c4/
odoo/.local/share/Odoo/filestore/dbx/checklist/a0/
odoo/.local/share/Odoo/filestore/dbx/checklist/85/
odoo/.local/share/Odoo/filestore/dbx/checklist/ed/
odoo/.local/share/Odoo/filestore/dbx/checklist/07/
odoo/.local/share/Odoo/filestore/dbx/checklist/ce/
odoo/.local/share/Odoo/filestore/dbx/checklist/d4/
odoo/.local/share/Odoo/filestore/dbx/checklist/3c/
odoo/.local/share/Odoo/filestore/dbx/checklist/02/
odoo/.local/share/Odoo/filestore/dbx/checklist/6e/
odoo/.local/share/Odoo/filestore/dbx/checklist/e0/
odoo/.local/share/Odoo/filestore/dbx/checklist/11/
odoo/.local/share/Odoo/filestore/dbx/checklist/bd/
odoo/.local/share/Odoo/filestore/dbx/checklist/c2/
odoo/.local/share/Odoo/filestore/dbx/checklist/dd/
odoo/.local/share/Odoo/filestore/dbx/checklist/2a/
odoo/.local/share/Odoo/filestore/dbx/checklist/41/
odoo/.local/share/Odoo/filestore/dbx/checklist/de/
odoo/.local/share/Odoo/filestore/dbx/checklist/ef/
odoo/.local/share/Odoo/filestore/dbx/checklist/6a/
odoo/.local/share/Odoo/filestore/dbx/checklist/1b/
odoo/.local/share/Odoo/filestore/dbx/checklist/99/
odoo/.local/share/Odoo/filestore/dbx/checklist/5a/
odoo/.local/share/Odoo/filestore/dbx/checklist/b1/
odoo/.local/share/Odoo/filestore/dbx/checklist/93/
odoo/.local/share/Odoo/filestore/dbx/checklist/e6/
odoo/.local/share/Odoo/filestore/dbx/checklist/44/
odoo/.local/share/Odoo/filestore/dbx/checklist/34/
odoo/.local/share/Odoo/filestore/dbx/checklist/33/
odoo/.local/share/Odoo/filestore/dbx/checklist/9b/
odoo/.local/share/Odoo/filestore/dbx/checklist/89/
odoo/.local/share/Odoo/filestore/dbx/checklist/b9/
odoo/.local/share/Odoo/filestore/dbx/checklist/62/
odoo/.local/share/Odoo/filestore/dbx/checklist/45/
odoo/.local/share/Odoo/filestore/dbx/checklist/90/
odoo/.local/share/Odoo/filestore/dbx/checklist/81/
odoo/.local/share/Odoo/filestore/dbx/checklist/d8/
odoo/.local/share/Odoo/filestore/dbx/09/
odoo/.local/share/Odoo/filestore/dbx/09/0955712dd2060b5801b4bf0fdf1fc73f96358a67
odoo/.local/share/Odoo/filestore/dbx/09/09205f62afc195273d75a9fcb5fbf66f30abde83
odoo/.local/share/Odoo/filestore/dbx/1c/
odoo/.local/share/Odoo/filestore/dbx/1c/1cce4c01dfb48eb37d11ae0c1c344d685e5a55e4
odoo/.local/share/Odoo/filestore/dbx/1c/1c2a8239bc7e06429116c40bc1d1334c621ca379
odoo/.local/share/Odoo/filestore/dbx/96/
odoo/.local/share/Odoo/filestore/dbx/96/9666a8c9bf1031df2b7eb27619f99baa8c7a05d8
odoo/.local/share/Odoo/filestore/dbx/96/9602418447e667a37848a015be03d26d42835668
odoo/.local/share/Odoo/filestore/dbx/d9/
odoo/.local/share/Odoo/filestore/dbx/d9/d9c57b27d80610aa3c6c7ed337773399a7801254
odoo/.local/share/Odoo/filestore/dbx/98/
odoo/.local/share/Odoo/filestore/dbx/98/98659a75c3e4d55d0ca6c32867077a8ab2a31d82
odoo/.local/share/Odoo/filestore/dbx/76/
odoo/.local/share/Odoo/filestore/dbx/76/761eb1ab8612f3a3c99e364e656245a5f83f5038
odoo/.local/share/Odoo/filestore/dbx/76/76a1798e02a2286cb808db47cf9de4696c73f305
odoo/.local/share/Odoo/filestore/dbx/55/
odoo/.local/share/Odoo/filestore/dbx/55/557a263e69e42e4cdc7a21a6715e033938f11995
odoo/.local/share/Odoo/filestore/dbx/c5/
odoo/.local/share/Odoo/filestore/dbx/c5/c5df9f521d06080627b607952d38f787729c702f
odoo/.local/share/Odoo/filestore/dbx/c6/
odoo/.local/share/Odoo/filestore/dbx/c6/c6514fd2f0e6e628e519d5de9691ce70e4cf1190
odoo/.local/share/Odoo/filestore/dbx/0c/
odoo/.local/share/Odoo/filestore/dbx/0c/0ce8c97df3ec768af51696ede284aac75b0eec18
odoo/.local/share/Odoo/filestore/dbx/0c/0c617f8496ef74917978843fba02e5a071a229f8
odoo/.local/share/Odoo/filestore/dbx/0c/0cffbaa48243465315e779fb34e9b11f3b24aec2
odoo/.local/share/Odoo/filestore/dbx/0c/0c78f98ea899bf4e50afdbc01263fcc9fd0a3206
odoo/.local/share/Odoo/filestore/dbx/52/
odoo/.local/share/Odoo/filestore/dbx/52/52e016f92de0d578d95b83f5de3a5feac74d211d
odoo/.local/share/Odoo/filestore/dbx/52/52430a11dd26a23a0ce513777909d4fcfb9c395a
odoo/.local/share/Odoo/filestore/dbx/fa/
odoo/.local/share/Odoo/filestore/dbx/fa/fa034c66a78fc42cc876c8f19f2e60072fe7cee4
odoo/.local/share/Odoo/filestore/dbx/fa/fae043964fa3debf18955ea7fb2bd4558fb74be0
odoo/.local/share/Odoo/filestore/dbx/0a/
odoo/.local/share/Odoo/filestore/dbx/0a/0afc7dd0b798119008397691404295b26b30f250
odoo/.local/share/Odoo/filestore/dbx/23/
odoo/.local/share/Odoo/filestore/dbx/23/23861bbf65124193d6d87487a6f0bf491b65c019
odoo/.local/share/Odoo/filestore/dbx/23/23c0dd6c05f982e3ec08359de83832d72f53722e
odoo/.local/share/Odoo/filestore/dbx/7a/
odoo/.local/share/Odoo/filestore/dbx/7a/7a3251c392df7cfe7961d9be1fdadd634c0c434c
odoo/.local/share/Odoo/filestore/dbx/7a/7a7c020dc3f6d4c3bf6aab85a74339ef32194653
odoo/.local/share/Odoo/filestore/dbx/7a/7ad161103009a08bc6667df48802b2aee4b6561b
odoo/.local/share/Odoo/filestore/dbx/b8/
odoo/.local/share/Odoo/filestore/dbx/b8/b86b8d7b44165a2b72bd28c2b813c67bf1091977
odoo/.local/share/Odoo/filestore/dbx/b8/b8e80fa6386f7e827ed68466f0dcdede5e6aaa2e
odoo/.local/share/Odoo/filestore/dbx/b8/b8aed778884f545b5f9d264231eecc57de5375f8
odoo/.local/share/Odoo/filestore/dbx/03/
odoo/.local/share/Odoo/filestore/dbx/03/033228cad8732d00bdddbd9346e5685218eef47a
odoo/.local/share/Odoo/filestore/dbx/03/0393f200e8bfd7bc07bccb53fcfabc695f40ab36
odoo/.local/share/Odoo/filestore/dbx/03/031b990d713a6c4151c650cb2d23a7f2490efd50
odoo/.local/share/Odoo/filestore/dbx/9a/
odoo/.local/share/Odoo/filestore/dbx/9a/9a6fc2a95795ad5392baf4021584a87c2264d1b1
odoo/.local/share/Odoo/filestore/dbx/9a/9ae844f986feebbc5aa91ac4b38d2f11a638e9bd
odoo/.local/share/Odoo/filestore/dbx/9a/9af76b72e6a6463dc23c27e975c9d3a0a33772a9
odoo/.local/share/Odoo/filestore/dbx/51/
odoo/.local/share/Odoo/filestore/dbx/51/51861101021a1fd6cdc2ace33dfedebe9c8df0ba
odoo/.local/share/Odoo/filestore/dbx/51/5134f8855a8d5f6dbf07a14613059dfae5ccc42e
odoo/.local/share/Odoo/filestore/dbx/06/
odoo/.local/share/Odoo/filestore/dbx/06/06a538b8b393cede62a0c00a4e683e54b1268441
odoo/.local/share/Odoo/filestore/dbx/fb/
odoo/.local/share/Odoo/filestore/dbx/fb/fba753ce49c3ad4a37869c3da1a8eb2f6ce93a04
odoo/.local/share/Odoo/filestore/dbx/22/
odoo/.local/share/Odoo/filestore/dbx/22/222a8578e502ef891cc25fd7366c8768092c5944
odoo/.local/share/Odoo/filestore/dbx/ac/
odoo/.local/share/Odoo/filestore/dbx/ac/ac2a935c445b4a44ecb11e8b692d41661f9ecae1
odoo/.local/share/Odoo/filestore/dbx/ac/ac6b6643f5fd5110dded25f1f5f07cc2ed96baef
odoo/.local/share/Odoo/filestore/dbx/5c/
odoo/.local/share/Odoo/filestore/dbx/5c/5c7cc7a8a9943d93014b47e8756b5ae64aa85df8
odoo/.local/share/Odoo/filestore/dbx/5c/5caed90cc123cc1ce20716209a610d910ebcd0c5
odoo/.local/share/Odoo/filestore/dbx/5c/5cd90ef132c2564422b99714e1f313942bae40cd
odoo/.local/share/Odoo/filestore/dbx/5c/5c1f916af4df57e2466507f6177e97a5ed803249
odoo/.local/share/Odoo/filestore/dbx/18/
odoo/.local/share/Odoo/filestore/dbx/18/18b053ebeaf466df3bad9b91908ebcff6816b962
odoo/.local/share/Odoo/filestore/dbx/18/180ea12a2fb2289fcfcedea56049c17a840a0736
odoo/.local/share/Odoo/filestore/dbx/18/1883ecf69120e8a2c0df1cd6cd5870cc0e8b4c4b
odoo/.local/share/Odoo/filestore/dbx/18/18b678539f6591993cd05c18f09dd4ed9d76bd5d
odoo/.local/share/Odoo/filestore/dbx/6f/
odoo/.local/share/Odoo/filestore/dbx/6f/6f49a2e679f66dc230ca5c3e0776c77b97169544
odoo/.local/share/Odoo/filestore/dbx/6b/
odoo/.local/share/Odoo/filestore/dbx/6b/6b1f7d309c6ca4be260c92e9336545d3a281cb5e
odoo/.local/share/Odoo/filestore/dbx/6b/6b12e7196abf8de095f0707b0dbbf826e01d1b11
odoo/.local/share/Odoo/filestore/dbx/6b/6bdd932c3263ae9f8416a92abcfb28239c802306
odoo/.local/share/Odoo/filestore/dbx/6b/6bcff3ec91e428a4dcdaff47bae8813150f2ec8d
odoo/.local/share/Odoo/filestore/dbx/4d/
odoo/.local/share/Odoo/filestore/dbx/4d/4df107d37b0e444ee9fdf7f6c2dd4231c4c60e49
odoo/.local/share/Odoo/filestore/dbx/4d/4d5a17db7e949887dbcf2b097c0338020fc957c4
odoo/.local/share/Odoo/filestore/dbx/4d/4d7aec875477765ff2a4f6babb682c7c783c4fc1
odoo/.local/share/Odoo/filestore/dbx/67/
odoo/.local/share/Odoo/filestore/dbx/67/67742a1f87bf6409fb1c20261bb16d94894bfd16
odoo/.local/share/Odoo/filestore/dbx/67/67df913741a39367c6c1ea6be08d7e7f72ea1181
odoo/.local/share/Odoo/filestore/dbx/7b/
odoo/.local/share/Odoo/filestore/dbx/7b/7b1232452a08a0435e4cff8ced85ea771563985e
odoo/.local/share/Odoo/filestore/dbx/3a/
odoo/.local/share/Odoo/filestore/dbx/3a/3ab73e5bdbaf668366705ed35907e2b7947d55b8
odoo/.local/share/Odoo/filestore/dbx/3a/3a4a92f341811505b782c9a77c059da62c175c39
odoo/.local/share/Odoo/filestore/dbx/cc/
odoo/.local/share/Odoo/filestore/dbx/cc/cc98c631bb1e810d25a789b297f0458d294cc038
odoo/.local/share/Odoo/filestore/dbx/cc/cca5c8a3870118cfa251001be66fe8c6a32445fa
odoo/.local/share/Odoo/filestore/dbx/cc/cc73f0c73758cdbd129122c86e6006cb38628e3b
odoo/.local/share/Odoo/filestore/dbx/0b/
odoo/.local/share/Odoo/filestore/dbx/0b/0ba6c83cd9ce908802a7c79995620e18d74f5bcc
odoo/.local/share/Odoo/filestore/dbx/0b/0b32d4522cb499add9801adc8434f054e0813df4
odoo/.local/share/Odoo/filestore/dbx/86/
odoo/.local/share/Odoo/filestore/dbx/86/86091d304308cbde90ee476b61fe2f7564dc189f
odoo/.local/share/Odoo/filestore/dbx/86/86e65905b9601e60e059165d4bea2adc39e95f96
odoo/.local/share/Odoo/filestore/dbx/86/86f79d4f6b4a7a2e97517ba148dd8769d27ba09c
odoo/.local/share/Odoo/filestore/dbx/2c/
odoo/.local/share/Odoo/filestore/dbx/2c/2cf8fcf344c137ca08f90ecc78945fabc2359c6d
odoo/.local/share/Odoo/filestore/dbx/8a/
odoo/.local/share/Odoo/filestore/dbx/8a/8a8296a98928ede3d9fffb82e8ccaa483b50b6e0
odoo/.local/share/Odoo/filestore/dbx/8a/8ab946e90d0263f19993389417ff2b0779c34b32
odoo/.local/share/Odoo/filestore/dbx/25/
odoo/.local/share/Odoo/filestore/dbx/25/25d84301c69605173b5a3555a49a22c1ac45b060
odoo/.local/share/Odoo/filestore/dbx/25/25825d9ce159bb293b8dfe15656db8778d650b7b
odoo/.local/share/Odoo/filestore/dbx/25/25632c7375c85152d052852d7612f814f27c8157
odoo/.local/share/Odoo/filestore/dbx/05/
odoo/.local/share/Odoo/filestore/dbx/05/055ffc5cce56e142234ffc466012dff7edc2c7e7
odoo/.local/share/Odoo/filestore/dbx/61/
odoo/.local/share/Odoo/filestore/dbx/61/61109698e4c4d9974534ae87f5d029b5b785a581
odoo/.local/share/Odoo/filestore/dbx/61/6184adb2ce136a8abcd1805810cebc5585547101
odoo/.local/share/Odoo/filestore/dbx/61/61c5322c7e85d4755c40fc2df4a6399b172e18c0
odoo/.local/share/Odoo/filestore/dbx/9f/
odoo/.local/share/Odoo/filestore/dbx/9f/9f463923e907a4c412b822b489cb8c7986aba6d3
odoo/.local/share/Odoo/filestore/dbx/32/
odoo/.local/share/Odoo/filestore/dbx/32/321762561a18330c840df754ad8b4a7923b24338
odoo/.local/share/Odoo/filestore/dbx/32/325e515a87657b99d08b6e54c3f3f3585f3622da
odoo/.local/share/Odoo/filestore/dbx/12/
odoo/.local/share/Odoo/filestore/dbx/12/12a6c04befdb7880e520dde527a44adbdebac838
odoo/.local/share/Odoo/filestore/dbx/ad/
odoo/.local/share/Odoo/filestore/dbx/ad/ad2839edc9e5a1b168fd17e82314866e88643870
odoo/.local/share/Odoo/filestore/dbx/ad/ad03039e76012dd025ea45d3f075c867306b6ff8
odoo/.local/share/Odoo/filestore/dbx/58/
odoo/.local/share/Odoo/filestore/dbx/58/58a54b94f7ed9dcb9f1d2baa8a5e385f3abe0597
odoo/.local/share/Odoo/filestore/dbx/58/58869e7c539967b54877a8928ced6330329ed738
odoo/.local/share/Odoo/filestore/dbx/ff/
odoo/.local/share/Odoo/filestore/dbx/ff/ff935642b2614b9bd605477e981462e8e546b2fb
odoo/.local/share/Odoo/filestore/dbx/ff/ff61b6e96037a2a3050da2856c2cc0ad64a6e915
odoo/.local/share/Odoo/filestore/dbx/ff/ff595763b6a4cb9c52717c2570543b79403423e0
odoo/.local/share/Odoo/filestore/dbx/9e/
odoo/.local/share/Odoo/filestore/dbx/9e/9e3fbe0567b4ff0c7cfda586d6abc210aa4e5e77
odoo/.local/share/Odoo/filestore/dbx/9e/9efb264a31e797ad10f4c398f724388e03eb5fdd
odoo/.local/share/Odoo/filestore/dbx/49/
odoo/.local/share/Odoo/filestore/dbx/49/4912be503ebeb35c082463bfada7e0704f5d3418
odoo/.local/share/Odoo/filestore/dbx/1a/
odoo/.local/share/Odoo/filestore/dbx/1a/1af59697599f35c61d627e980d5e125e67004826
odoo/.local/share/Odoo/filestore/dbx/1a/1a96a4e515344f0ae076f59ce9595bdde355906b
odoo/.local/share/Odoo/filestore/dbx/1a/1a84383aa6b057893d0028b0cd644d3aeb309a23
odoo/.local/share/Odoo/filestore/dbx/fe/
odoo/.local/share/Odoo/filestore/dbx/fe/feec584f963736452b620ab99d007a7472d50e4d
odoo/.local/share/Odoo/filestore/dbx/fe/fec0c199e215571fa373d9a009fc265d370dc975
odoo/.local/share/Odoo/filestore/dbx/bb/
odoo/.local/share/Odoo/filestore/dbx/bb/bb99ca1d6ed5673a6d27e8d5c8a48bcd33d52b6e
odoo/.local/share/Odoo/filestore/dbx/59/
odoo/.local/share/Odoo/filestore/dbx/59/5977bb7dc56273c59d98908bbc7dcade24f74e7d
odoo/.local/share/Odoo/filestore/dbx/59/59fb2a88ea13d882e75e3b268dc94a803767a5e2
odoo/.local/share/Odoo/filestore/dbx/4a/
odoo/.local/share/Odoo/filestore/dbx/4a/4a1578545d8761bf23313fa76e64168488ab4248
odoo/.local/share/Odoo/filestore/dbx/4a/4a4f05ed77934ad37b836092d0873b63dceb741b
odoo/.local/share/Odoo/filestore/dbx/4a/4ae0bd1bf7279eb702be241c076900003796db25
odoo/.local/share/Odoo/filestore/dbx/0e/
odoo/.local/share/Odoo/filestore/dbx/0e/0eb1db9aef74f901542cf807d341ab336fdd0b01
odoo/.local/share/Odoo/filestore/dbx/0e/0e13eb547b1e3c7f69c5c5558c0856d60c36a94b
odoo/.local/share/Odoo/filestore/dbx/0e/0efaad462d9811dafb16d2b2127b8eca61565aa3
odoo/.local/share/Odoo/filestore/dbx/0e/0e57941fc6748aefca64c533fb6c19950de2add4
odoo/.local/share/Odoo/filestore/dbx/1e/
odoo/.local/share/Odoo/filestore/dbx/1e/1e9169c1af234546536ee4e94df8f2a9fdd9da14
odoo/.local/share/Odoo/filestore/dbx/1e/1e9189e6b8f2e2c8cb6203aa2f2e20771deeb3e5
odoo/.local/share/Odoo/filestore/dbx/cf/
odoo/.local/share/Odoo/filestore/dbx/cf/cf811ba3433e10a7566f8a899b3e4bbb52a54096
odoo/.local/share/Odoo/filestore/dbx/16/
odoo/.local/share/Odoo/filestore/dbx/16/16884c14df2b908b5b33f9170edf09a8fc04f324
odoo/.local/share/Odoo/filestore/dbx/16/16d954fd870f33d9defb89d05343d1dfe7264891
odoo/.local/share/Odoo/filestore/dbx/16/165704645f7092c05704a8511aa73af02f51ec43
odoo/.local/share/Odoo/filestore/dbx/16/166b374afe6ded0a623f821f71240e8fe39d4b06
odoo/.local/share/Odoo/filestore/dbx/a4/
odoo/.local/share/Odoo/filestore/dbx/a4/a4fed0752bef2a12b47587f344f59e42fd4d34ba
odoo/.local/share/Odoo/filestore/dbx/9d/
odoo/.local/share/Odoo/filestore/dbx/9d/9d0d4b10c740573ac162086a2e808fb3d9f69c5a
odoo/.local/share/Odoo/filestore/dbx/31/
odoo/.local/share/Odoo/filestore/dbx/31/31acb7889f986f4aaaab4aa50b0d8e8d28be1472
odoo/.local/share/Odoo/filestore/dbx/31/3103cf2f9c4b78e58ec7ed71189514e12fda33c6
odoo/.local/share/Odoo/filestore/dbx/b5/
odoo/.local/share/Odoo/filestore/dbx/b5/b514175ebedc58ae293dbf4ebc8cb43c3469e17f
odoo/.local/share/Odoo/filestore/dbx/b5/b5118977eae67e70f87745bd1dbab50775f9abc1
odoo/.local/share/Odoo/filestore/dbx/b5/b5b96b873e3f1ddefbfeb8c9322a152fc415db1a
odoo/.local/share/Odoo/filestore/dbx/69/
odoo/.local/share/Odoo/filestore/dbx/69/6990c77cf9bd71a4bf8d3cc6c0d10e877d52f31d
odoo/.local/share/Odoo/filestore/dbx/69/69e4799e6c1be210e83e19fb8f08cfd0430e839f
odoo/.local/share/Odoo/filestore/dbx/69/69e1fffcb8ec0506ec4ae25e9acace6ddf0efac9
odoo/.local/share/Odoo/filestore/dbx/69/69be1fb6ce264288137764af85d81c2641d85e3f
odoo/.local/share/Odoo/filestore/dbx/a9/
odoo/.local/share/Odoo/filestore/dbx/a9/a9d25b7d376f1ac68d1d5ccf1a1d2d807a28d844
odoo/.local/share/Odoo/filestore/dbx/39/
odoo/.local/share/Odoo/filestore/dbx/39/395cad5f21f8d9bee93a3f0844a4695e4cd80069
odoo/.local/share/Odoo/filestore/dbx/39/39cce0c4c482c5fdab271c4bc5a9c403e1a64c4f
odoo/.local/share/Odoo/filestore/dbx/39/39866eb467837368d35b5c5e0b81f38c594b2f9b
odoo/.local/share/Odoo/filestore/dbx/10/
odoo/.local/share/Odoo/filestore/dbx/10/10c7688795595f03e9ad607168f844493999a9e7
odoo/.local/share/Odoo/filestore/dbx/f2/
odoo/.local/share/Odoo/filestore/dbx/f2/f26066e291857d6a920607e448928400cc012cb2
odoo/.local/share/Odoo/filestore/dbx/c8/
odoo/.local/share/Odoo/filestore/dbx/c8/c8fd583925c09ec326a3b997cd044a0ad7636db7
odoo/.local/share/Odoo/filestore/dbx/c8/c8275c23fcd1693f2b6ae39d449639b098e76dac
odoo/.local/share/Odoo/filestore/dbx/c8/c81b9b1c91705749c17506d31074990f4b321d24
odoo/.local/share/Odoo/filestore/dbx/c8/c8a87f0df961264c917d4e2d2958a2d96b39d22d
odoo/.local/share/Odoo/filestore/dbx/63/
odoo/.local/share/Odoo/filestore/dbx/63/63f9116fd5aab12cfe724c1a38a098f2587b999e
odoo/.local/share/Odoo/filestore/dbx/63/63e4c9bb7c7c583062c96712299ebe4189d70252
odoo/.local/share/Odoo/filestore/dbx/63/637b082bf3ee8b6434ea4fc075c93f4a4d39897c
odoo/.local/share/Odoo/filestore/dbx/63/63d4ba80def55da294e5ecc6a94b9d450860cb65
odoo/.local/share/Odoo/filestore/dbx/63/63f89106f09ed7b9f6c7718e40b646518613ac20
odoo/.local/share/Odoo/filestore/dbx/4c/
odoo/.local/share/Odoo/filestore/dbx/4c/4c116b14baca1aa6a6ad3f057b36d5f4052e96fc
odoo/.local/share/Odoo/filestore/dbx/4c/4c14ff349bfc1642fe027616c24cff06b0479f62
odoo/.local/share/Odoo/filestore/dbx/4c/4c3f254d42855710f53e9ac4079461b5ea900c0d
odoo/.local/share/Odoo/filestore/dbx/4c/4ce1d90f1e0fe64c422eddee59e336c59dc7f6dc
odoo/.local/share/Odoo/filestore/dbx/ab/
odoo/.local/share/Odoo/filestore/dbx/ab/aba9891222630723c27fff071ea81ca1ca490e3a
odoo/.local/share/Odoo/filestore/dbx/ab/ab396e141612764a2cbb49e4c1a4cb9323c23437
odoo/.local/share/Odoo/filestore/dbx/ab/aba767793307c795896180f6dca9dd599d85a05e
odoo/.local/share/Odoo/filestore/dbx/ab/abaa8a22252194910625f6913d226a5eca8a36c0
odoo/.local/share/Odoo/filestore/dbx/ab/ab4f2e8da364fe2668b47befe38bcd40d823c3ca
odoo/.local/share/Odoo/filestore/dbx/ab/abebcb12c4240da961f676865e1091629b8abff0
odoo/.local/share/Odoo/filestore/dbx/04/
odoo/.local/share/Odoo/filestore/dbx/04/0416f6ec3ca6a232d8665a6f3321fd67f9d64c3f
odoo/.local/share/Odoo/filestore/dbx/04/04282e6adf5915e9e1d3a900b041bfc38c9c545c
odoo/.local/share/Odoo/filestore/dbx/04/043c20aaf49bba6ee70e2e7757c05218d8ad4d16
odoo/.local/share/Odoo/filestore/dbx/82/
odoo/.local/share/Odoo/filestore/dbx/82/823b20bb764aaf8fcb88134b9bb3d82a05dea84a
odoo/.local/share/Odoo/filestore/dbx/82/8224147fa03498d9780a7fd2a42faecb31a17355
odoo/.local/share/Odoo/filestore/dbx/82/8293d0790d69702c1a69a79dc0d6628619096032
odoo/.local/share/Odoo/filestore/dbx/82/82d1b740acb31b195771f3b5aa3c86b838b8dd95
odoo/.local/share/Odoo/filestore/dbx/d2/
odoo/.local/share/Odoo/filestore/dbx/d2/d2d39976d2ad4e1947296c4227f6c6344cf7898d
odoo/.local/share/Odoo/filestore/dbx/d2/d24f9bf09f843a41d053ee3bf07893e974694781
odoo/.local/share/Odoo/filestore/dbx/ca/
odoo/.local/share/Odoo/filestore/dbx/ca/ca5f08c49b635dc224c3baac0d329afd3ff73221
odoo/.local/share/Odoo/filestore/dbx/ca/caedff05dc6bef2c22822b11d6cc3be11be2ed2b
odoo/.local/share/Odoo/filestore/dbx/ca/ca4148043374ce33a1a177d8f5e45c802947ce34
odoo/.local/share/Odoo/filestore/dbx/db/
odoo/.local/share/Odoo/filestore/dbx/db/db061f4a5e410f9204e994ecba473ebb40d009f8
odoo/.local/share/Odoo/filestore/dbx/5e/
odoo/.local/share/Odoo/filestore/dbx/5e/5e1a46f3ba53e2d6329ba3c74fa21b8acd8fd6c7
odoo/.local/share/Odoo/filestore/dbx/5e/5e492d81166d222c7f9f6b5ad87499aa921528a4
odoo/.local/share/Odoo/filestore/dbx/5e/5ef2e590711fa04d9ff70a3fd0588de785a2818b
odoo/.local/share/Odoo/filestore/dbx/e5/
odoo/.local/share/Odoo/filestore/dbx/e5/e5d8b662a85af201c1ded42f7a13bf3f4a8ceb96
odoo/.local/share/Odoo/filestore/dbx/40/
odoo/.local/share/Odoo/filestore/dbx/40/40daf9a07b1eb06afd37d63e8471b25397c93cac
odoo/.local/share/Odoo/filestore/dbx/4e/
odoo/.local/share/Odoo/filestore/dbx/4e/4e366cd25340f6a3bea026476a2162eb43d1e565
odoo/.local/share/Odoo/filestore/dbx/4e/4e27b6e62f341352a149d9ec4918dc1a265cecf5
odoo/.local/share/Odoo/filestore/dbx/4e/4e8b5aca6f1cf04dce7e4138bf1cc279ae5bfc7b
odoo/.local/share/Odoo/filestore/dbx/cd/
odoo/.local/share/Odoo/filestore/dbx/cd/cd9f008065cd81ed7fb55890c3b22d5f07695c7e
odoo/.local/share/Odoo/filestore/dbx/cd/cd7de970ecf96af0f336cfccd2a4c1c6af57975c
odoo/.local/share/Odoo/filestore/dbx/20/
odoo/.local/share/Odoo/filestore/dbx/20/20637d9e9cb7b57b0a56a303736d535ffc28a7a7
odoo/.local/share/Odoo/filestore/dbx/1f/
odoo/.local/share/Odoo/filestore/dbx/1f/1f3c3efe28e992cebcabbbb2ab2d8edbd42ed662
odoo/.local/share/Odoo/filestore/dbx/1f/1f074cbc4cf13fed76ea05ad29f5d1698b59c86c
odoo/.local/share/Odoo/filestore/dbx/1f/1f3b37adc61b802fb704cbd1202bafeb55b9e91d
odoo/.local/share/Odoo/filestore/dbx/1f/1fad00d176fdd43b6b44c1b9c9425b2e381bf528
odoo/.local/share/Odoo/filestore/dbx/17/
odoo/.local/share/Odoo/filestore/dbx/17/17f3890e9d39212a0786e37da1235f0537a69f96
odoo/.local/share/Odoo/filestore/dbx/17/170bbbde2c47108df2bd52f84d22ed88a64098ac
odoo/.local/share/Odoo/filestore/dbx/17/176255ec2fa51478f0af6348a759ec2566e6c6c1
odoo/.local/share/Odoo/filestore/dbx/65/
odoo/.local/share/Odoo/filestore/dbx/65/65a4e6a714ebba2b8819584e4135d48a0bd2d0f1
odoo/.local/share/Odoo/filestore/dbx/65/65c7bebfd4c7d447ecb5e0d9a768ff0704422242
odoo/.local/share/Odoo/filestore/dbx/e4/
odoo/.local/share/Odoo/filestore/dbx/e4/e4f65bfbd1f5d479c82d6b3572a3707cc028a9fa
odoo/.local/share/Odoo/filestore/dbx/5d/
odoo/.local/share/Odoo/filestore/dbx/5d/5dfd5e855d98a4de2c7573ae573ef9424f62581e
odoo/.local/share/Odoo/filestore/dbx/5d/5d85bd4ec1d15d3f4b874d4589a78636b6b7ab0d
odoo/.local/share/Odoo/filestore/dbx/e7/
odoo/.local/share/Odoo/filestore/dbx/e7/e775ff9f609010c132e85432e9cdeffefc1d0dc3
odoo/.local/share/Odoo/filestore/dbx/92/
odoo/.local/share/Odoo/filestore/dbx/92/92af90213e1f24a1031521aa924a314146496daf
odoo/.local/share/Odoo/filestore/dbx/00/
odoo/.local/share/Odoo/filestore/dbx/00/00383986f323d9d27818175a57fd1e6dbb45efc3
odoo/.local/share/Odoo/filestore/dbx/7e/
odoo/.local/share/Odoo/filestore/dbx/7e/7e950f47bcd9bb3bae4503336a12302e3ddae61f
odoo/.local/share/Odoo/filestore/dbx/7e/7e9c74ee79fce91ce5bbeda21908cf247794f978
odoo/.local/share/Odoo/filestore/dbx/f8/
odoo/.local/share/Odoo/filestore/dbx/f8/f818cf3d261e5ed39a171994d429fa4c547c14a8
odoo/.local/share/Odoo/filestore/dbx/f8/f8043bc0fc89da5b700f144dbb88576d32a5747b
odoo/.local/share/Odoo/filestore/dbx/f8/f8aba48c166260412eed4ff7e989d58aa42d233d
odoo/.local/share/Odoo/filestore/dbx/f5/
odoo/.local/share/Odoo/filestore/dbx/f5/f5696695f743a179a7de4215ad4be9d514a2ff8d
odoo/.local/share/Odoo/filestore/dbx/f5/f5481bd1c34e57d717113039fd9011dacbb604ef
odoo/.local/share/Odoo/filestore/dbx/f5/f57d82da3337d9305a7f6f081ea7869d7d237a23
odoo/.local/share/Odoo/filestore/dbx/66/
odoo/.local/share/Odoo/filestore/dbx/66/665bf641f134a4a13c2f3646781fb8fd19e9d175
odoo/.local/share/Odoo/filestore/dbx/66/66771a3d3329f238d969a0a19c4006544bdc76aa
odoo/.local/share/Odoo/filestore/dbx/66/66baf61c0d45b1e2a62222f057e099a6842100c1
odoo/.local/share/Odoo/filestore/dbx/c9/
odoo/.local/share/Odoo/filestore/dbx/c9/c9705285589ac096e112790cf753e2c99bc1df8b
odoo/.local/share/Odoo/filestore/dbx/71/
odoo/.local/share/Odoo/filestore/dbx/71/71c3a1a3e6dbf738917f99d64544e76f853c8f0c
odoo/.local/share/Odoo/filestore/dbx/2f/
odoo/.local/share/Odoo/filestore/dbx/2f/2f650b17c6e64bcfa9e2733275741e22fc0f6dc6
odoo/.local/share/Odoo/filestore/dbx/50/
odoo/.local/share/Odoo/filestore/dbx/50/5019c566386cca1d52e40994958a5e52aab9d4df
odoo/.local/share/Odoo/filestore/dbx/83/
odoo/.local/share/Odoo/filestore/dbx/83/835ed246572b47ba1e9f55198e57b566888b46a6
odoo/.local/share/Odoo/filestore/dbx/e2/
odoo/.local/share/Odoo/filestore/dbx/e2/e212f490f95f11a6311b3354e98ab577570851a1
odoo/.local/share/Odoo/filestore/dbx/e2/e25432762ac74ddf151dc7371328182c2a67d8f0
odoo/.local/share/Odoo/filestore/dbx/e2/e20e7a303ec1d1d3cd3a6aac9b79ab6dfa8ddbbe
odoo/.local/share/Odoo/filestore/dbx/42/
odoo/.local/share/Odoo/filestore/dbx/42/424889205cd341ce3bfc5d6262e2cbbfe6c4a5aa
odoo/.local/share/Odoo/filestore/dbx/42/423d388922ab07fcfd84c7c4e8321523fe2a4db9
odoo/.local/share/Odoo/filestore/dbx/54/
odoo/.local/share/Odoo/filestore/dbx/54/541590d82737cc97075b4d26e20dd2279c7bdddb
odoo/.local/share/Odoo/filestore/dbx/54/54061a91e6055e390737f27729bad4c2eaf4f52c
odoo/.local/share/Odoo/filestore/dbx/54/542922906caac0fe5d253e2c7d913758eb0a7f6e
odoo/.local/share/Odoo/filestore/dbx/54/546d73a6560d3bfeb5888ccd778c5491387e1ee7
odoo/.local/share/Odoo/filestore/dbx/2b/
odoo/.local/share/Odoo/filestore/dbx/2b/2b6cff24fa36ce1a4d885849fea4b42470155200
odoo/.local/share/Odoo/filestore/dbx/2b/2bfd68216a7f2cb51d08524ceff9dc0639c332f7
odoo/.local/share/Odoo/filestore/dbx/2b/2bdf07eda908d92b0bd6a1c2c82ce7a9c41f88c8
odoo/.local/share/Odoo/filestore/dbx/2b/2bbfba99b1749239c49d753f9b8fca48490d370a
odoo/.local/share/Odoo/filestore/dbx/2b/2ba0cd4e192dc6d579398739098cca8a231e3346
odoo/.local/share/Odoo/filestore/dbx/bc/
odoo/.local/share/Odoo/filestore/dbx/bc/bcf209c313c2e3d012f72340ec4f08cfdf1c3272
odoo/.local/share/Odoo/filestore/dbx/bc/bc68680d04dd8559f60002cf027603dd0b674a71
odoo/.local/share/Odoo/filestore/dbx/ba/
odoo/.local/share/Odoo/filestore/dbx/ba/ba188ae115f24d2862b676fb08876f5b128a7131
odoo/.local/share/Odoo/filestore/dbx/ba/badd573e03146bafcf0fc078e8214d8dcf9b8cad
odoo/.local/share/Odoo/filestore/dbx/ba/ba68387faa7bd668300a89e3543755cfad2ce1f2
odoo/.local/share/Odoo/filestore/dbx/b4/
odoo/.local/share/Odoo/filestore/dbx/b4/b44998f82901f4c3a4588f185061f1e57f96d0b0
odoo/.local/share/Odoo/filestore/dbx/b4/b49e01d9ca331644b3d96df768fbcdb3c249cd33
odoo/.local/share/Odoo/filestore/dbx/b4/b48a3d40cb925564a44b3117e384bfb3103775e5
odoo/.local/share/Odoo/filestore/dbx/2e/
odoo/.local/share/Odoo/filestore/dbx/2e/2e0a2c41745e8f2e737b9a1ffebd665a8d4a2266
odoo/.local/share/Odoo/filestore/dbx/2e/2e2106cc9a545d805b2ea32a60f8731c1c85a54a
odoo/.local/share/Odoo/filestore/dbx/2e/2ef29b8b8c666c3559fbfe0b3a8cf2fe69c28b3a
odoo/.local/share/Odoo/filestore/dbx/a5/
odoo/.local/share/Odoo/filestore/dbx/a5/a52bd8d44e12f9b366570eed70ef0c20f3a37a2f
odoo/.local/share/Odoo/filestore/dbx/64/
odoo/.local/share/Odoo/filestore/dbx/64/64ed7ae7968f606549f0a5bd5c2e432213caf4d1
odoo/.local/share/Odoo/filestore/dbx/64/641fd076508c839ade9cf315257e4c7d8984e6ae
odoo/.local/share/Odoo/filestore/dbx/8c/
odoo/.local/share/Odoo/filestore/dbx/8c/8c3153e70f2ce1084c3c0b3510fd466b314c3969
odoo/.local/share/Odoo/filestore/dbx/8c/8c24f1b9d1a66d454931a87c85d726d7a80bd449
odoo/.local/share/Odoo/filestore/dbx/8c/8cd92ee9ba7ba1c71f02d4c2fecb5a06808b8a89
odoo/.local/share/Odoo/filestore/dbx/8c/8c413e59d7b7bcd053e6b57cff0941cac6ee3e5a
odoo/.local/share/Odoo/filestore/dbx/e9/
odoo/.local/share/Odoo/filestore/dbx/e9/e96761780cc69b4d62b2ec78324efef2a354e361
odoo/.local/share/Odoo/filestore/dbx/e9/e9bec32923e0ea87895d7da3efdd647dee2593af
odoo/.local/share/Odoo/filestore/dbx/08/
odoo/.local/share/Odoo/filestore/dbx/08/082d512ae8248c5fc05c46f2e7f565659ab2ae45
odoo/.local/share/Odoo/filestore/dbx/08/08d01c4efbdeadc2742d0d4bb9c3dcc13fadb485
odoo/.local/share/Odoo/filestore/dbx/08/08e4a9ed26d34803e4182380a169f6d06e87582c
odoo/.local/share/Odoo/filestore/dbx/60/
odoo/.local/share/Odoo/filestore/dbx/60/60a2a24a2fcfd3b3045bbaa75c5d68815df9d541
odoo/.local/share/Odoo/filestore/dbx/60/606352ba4f81dc7afd95ba83f5b4c06009047f03
odoo/.local/share/Odoo/filestore/dbx/8b/
odoo/.local/share/Odoo/filestore/dbx/8b/8be29626be83a1e21bcb96af7d6a973d02c34f0a
odoo/.local/share/Odoo/filestore/dbx/8b/8bdaf44a71a1820d8de3f12215d078becc63bdf0
odoo/.local/share/Odoo/filestore/dbx/8b/8bcd1ed212fb444a25a01a0316c702e121384935
odoo/.local/share/Odoo/filestore/dbx/37/
odoo/.local/share/Odoo/filestore/dbx/37/376edf3cd2e1e68f5d392c50d353c2ec7790c704
odoo/.local/share/Odoo/filestore/dbx/37/37f70872999cf39bb6b413df4857dc980e4fd658
odoo/.local/share/Odoo/filestore/dbx/37/37db4d649b09ca55779e81bc4d6d7eebca017503
odoo/.local/share/Odoo/filestore/dbx/37/375a1fd0037011b532383fe93996e02049d46789
odoo/.local/share/Odoo/filestore/dbx/57/
odoo/.local/share/Odoo/filestore/dbx/57/5742d84dd6f63500125bc5175c73f63af45a3659
odoo/.local/share/Odoo/filestore/dbx/e3/
odoo/.local/share/Odoo/filestore/dbx/e3/e3ae01e375c4ca8b54e3d840a80fcfa2b15e7d27
odoo/.local/share/Odoo/filestore/dbx/e3/e3bd4d4c9fff8fc724ce1f7e89a47ee448d4c755
odoo/.local/share/Odoo/filestore/dbx/e3/e374f7e692a2bc1bf3d2e02f9863bafce8d70796
odoo/.local/share/Odoo/filestore/dbx/aa/
odoo/.local/share/Odoo/filestore/dbx/aa/aa2cad94340900f9e642750f42295ca97ab0ec81
odoo/.local/share/Odoo/filestore/dbx/b7/
odoo/.local/share/Odoo/filestore/dbx/b7/b73a9deb85def8a1a00e4d545c4f79747d78f487
odoo/.local/share/Odoo/filestore/dbx/f0/
odoo/.local/share/Odoo/filestore/dbx/f0/f068696871f41fe3fd4bfe3255053652cad46af7
odoo/.local/share/Odoo/filestore/dbx/f0/f0068698d805597da85a9b9a5e24888373dc2168
odoo/.local/share/Odoo/filestore/dbx/84/
odoo/.local/share/Odoo/filestore/dbx/84/8427421cf74297602326383c9e71f26ee6ed3595
odoo/.local/share/Odoo/filestore/dbx/84/842eb2b8fe489e2c9b2f2a9324c8fd2eb5a65e88
odoo/.local/share/Odoo/filestore/dbx/84/8455247ce2ed0f390bf098f338417100da2b0840
odoo/.local/share/Odoo/filestore/dbx/21/
odoo/.local/share/Odoo/filestore/dbx/21/21bf7b98b4c27ea4d0d499ae3cdb4123ed310e1f
odoo/.local/share/Odoo/filestore/dbx/a7/
odoo/.local/share/Odoo/filestore/dbx/a7/a7ba8a25b4462c8481c76eeec40739c38561e482
odoo/.local/share/Odoo/filestore/dbx/a7/a705610e3fec7f81a11d3f1841a43a320bda427b
odoo/.local/share/Odoo/filestore/dbx/3b/
odoo/.local/share/Odoo/filestore/dbx/3b/3b469361806f301344da49da04a072d19c9f1c36
odoo/.local/share/Odoo/filestore/dbx/b0/
odoo/.local/share/Odoo/filestore/dbx/b0/b0feb5c712b1cfbf05fcea9dff64940f476fb4d0
odoo/.local/share/Odoo/filestore/dbx/8f/
odoo/.local/share/Odoo/filestore/dbx/8f/8f5b2e5201df9e3a0814d8d69d5a1388b78e9131
odoo/.local/share/Odoo/filestore/dbx/74/
odoo/.local/share/Odoo/filestore/dbx/74/744fc247b813c44f4cf02357706e88b283cb0f97
odoo/.local/share/Odoo/filestore/dbx/74/740e32a55b805cbdd420b31761aa25caf3b1cda3
odoo/.local/share/Odoo/filestore/dbx/d1/
odoo/.local/share/Odoo/filestore/dbx/d1/d176cd38f88da632529f3df724388f6069c025b8
odoo/.local/share/Odoo/filestore/dbx/d1/d1a419907e20b6997cb1e1f78da9f919e5881775
odoo/.local/share/Odoo/filestore/dbx/d1/d1a6af65b10d5a0ec59c52450f56fabf43aad508
odoo/.local/share/Odoo/filestore/dbx/c1/
odoo/.local/share/Odoo/filestore/dbx/c1/c147561fe2a7a886b3472bb3065c121bcfdd7b8b
odoo/.local/share/Odoo/filestore/dbx/a6/
odoo/.local/share/Odoo/filestore/dbx/a6/a63a4ae0748b22193edfd7924f3edc8db7474188
odoo/.local/share/Odoo/filestore/dbx/a6/a6c2a2b9693e22bccad0f8d95b5dca661ed78ef4
odoo/.local/share/Odoo/filestore/dbx/a6/a641656a13978accd88cb419392be9c25d73130e
odoo/.local/share/Odoo/filestore/dbx/a3/
odoo/.local/share/Odoo/filestore/dbx/a3/a3ca2df321fbfbc0fb84be945b38e87ceba0ffda
odoo/.local/share/Odoo/filestore/dbx/9c/
odoo/.local/share/Odoo/filestore/dbx/9c/9c4d96337a3eb79018a9be5fa0066fe3d09976ed
odoo/.local/share/Odoo/filestore/dbx/9c/9c399300249f02b468db3e934a4e1d0787b20184
odoo/.local/share/Odoo/filestore/dbx/9c/9c1e8d35b6fd6ef3a026f69418b4ec7117e2f372
odoo/.local/share/Odoo/filestore/dbx/c7/
odoo/.local/share/Odoo/filestore/dbx/c7/c7f74a8370b2e279facbeaf258fc59b8ce7aea47
odoo/.local/share/Odoo/filestore/dbx/c7/c7022cc5a949e41135548a13e924b9d4c9f11917
odoo/.local/share/Odoo/filestore/dbx/c7/c7a775ae75785d5acee7edb5b8c748fef61ef8d4
odoo/.local/share/Odoo/filestore/dbx/7d/
odoo/.local/share/Odoo/filestore/dbx/7d/7db9771e0071defbdb271e2441c4ed3346493cdc
odoo/.local/share/Odoo/filestore/dbx/7d/7d2eb6cad924d15a60cf92bad5f00a6685dd29ac
odoo/.local/share/Odoo/filestore/dbx/7d/7dbfe519d334d518b6f8c8e3afcafec5e758112e
odoo/.local/share/Odoo/filestore/dbx/7d/7dad37b86834762b1ad101dc33be7903560ec598
odoo/.local/share/Odoo/filestore/dbx/7d/7df7fdb81e18ef773c889fb55803035a508cbe78
odoo/.local/share/Odoo/filestore/dbx/7d/7d8dacd4587ece8cb286163da899f6b97eb181a6
odoo/.local/share/Odoo/filestore/dbx/36/
odoo/.local/share/Odoo/filestore/dbx/36/36bca5f19b5dfc49840db73270467c45edd28927
odoo/.local/share/Odoo/filestore/dbx/36/360397dd483f4ed8332762bc944817bd0e31e40c
odoo/.local/share/Odoo/filestore/dbx/36/3651a8fa09e9128b34a23a8ae405f3d8e9227ec3
odoo/.local/share/Odoo/filestore/dbx/36/36ba5ef36880a809f9bdddfe35f12fcf34406a6e
odoo/.local/share/Odoo/filestore/dbx/b6/
odoo/.local/share/Odoo/filestore/dbx/b6/b68778299839bf8914580e86f65c9ff109f8d4c8
odoo/.local/share/Odoo/filestore/dbx/b6/b6bf9efa013a0ba744666d94c240534c85fd213d
odoo/.local/share/Odoo/filestore/dbx/b2/
odoo/.local/share/Odoo/filestore/dbx/b2/b2dc8c6ad905baf62b580eca8eca22c234b36859
odoo/.local/share/Odoo/filestore/dbx/b2/b2dbf36bb11529d04997e89156a02a02afe95c73
odoo/.local/share/Odoo/filestore/dbx/b2/b29e8936556376421844858012fc6c634f96752d
odoo/.local/share/Odoo/filestore/dbx/3e/
odoo/.local/share/Odoo/filestore/dbx/3e/3ec3d6cdc7baa83fae8d11f55845cabbea4a1072
odoo/.local/share/Odoo/filestore/dbx/3e/3e10e3595f5bf3a04e03143daeb3cebb1085e34b
odoo/.local/share/Odoo/filestore/dbx/24/
odoo/.local/share/Odoo/filestore/dbx/24/24c6ac9fb49468ea85058ed6ef1f6425205ece84
odoo/.local/share/Odoo/filestore/dbx/24/2472636d6f903e10d22a7b8cdcbfbc073951baed
odoo/.local/share/Odoo/filestore/dbx/24/24a6a1cd6a87d05d5ccaaaa3c97677272187fc41
odoo/.local/share/Odoo/filestore/dbx/24/2470aa607bdf1f128394703173f150fcc671f746
odoo/.local/share/Odoo/filestore/dbx/24/24ffb3e8122416b93bcd50cc67ac33799d047501
odoo/.local/share/Odoo/filestore/dbx/24/242015a0118cbd3cd2c27e29d9e03e5b375290c4
odoo/.local/share/Odoo/filestore/dbx/43/
odoo/.local/share/Odoo/filestore/dbx/43/439585baf7544f937b086a64d7259a49204428a8
odoo/.local/share/Odoo/filestore/dbx/43/43d55d336cc05d8b63f00039010805eef5f92b7b
odoo/.local/share/Odoo/filestore/dbx/43/4333afb34d61104293e3e618a44c4469c6f0290a
odoo/.local/share/Odoo/filestore/dbx/ea/
odoo/.local/share/Odoo/filestore/dbx/ea/ead5756ab7ef589cf7535b8560b429fff4ff1b85
odoo/.local/share/Odoo/filestore/dbx/ea/ead6f754815c0f41e39cbe85d3b89d80dc2293e0
odoo/.local/share/Odoo/filestore/dbx/ea/eac9146029c64f7b1307ea35ab9ffcc99cce991f
odoo/.local/share/Odoo/filestore/dbx/3d/
odoo/.local/share/Odoo/filestore/dbx/3d/3da2738d8db1246700404b934fa4d4ef1faa8da1
odoo/.local/share/Odoo/filestore/dbx/3d/3d7a7360fe4a73a90dd3b4ba554a9254ed61e864
odoo/.local/share/Odoo/filestore/dbx/7c/
odoo/.local/share/Odoo/filestore/dbx/7c/7c12ea4e526a4c6bac65d7a58f7e97c1eca47ca6
odoo/.local/share/Odoo/filestore/dbx/7c/7c3d788affc25aa66c9e45f7b59dcf41c29da0a4
odoo/.local/share/Odoo/filestore/dbx/d6/
odoo/.local/share/Odoo/filestore/dbx/d6/d63180a34c480b86c9e5bd8f6ebfd465b62167fe
odoo/.local/share/Odoo/filestore/dbx/d6/d694aedb3fd293b0ad70a7ee7cbc4c0918d51d21
odoo/.local/share/Odoo/filestore/dbx/d6/d6550e696878c5cfa3774f7348ac22de415f2ff8
odoo/.local/share/Odoo/filestore/dbx/7f/
odoo/.local/share/Odoo/filestore/dbx/7f/7f0369d2cf291b38722025723422735ca2dc8263
odoo/.local/share/Odoo/filestore/dbx/75/
odoo/.local/share/Odoo/filestore/dbx/75/755270566ef714b62ab6bd7db71808e31b7c758a
odoo/.local/share/Odoo/filestore/dbx/d5/
odoo/.local/share/Odoo/filestore/dbx/d5/d53c2ccd5ae5be13329d670bee7c0acc88a568be
odoo/.local/share/Odoo/filestore/dbx/d5/d5a76a0e9e771e444c01717e50b65e667040330a
odoo/.local/share/Odoo/filestore/dbx/f9/
odoo/.local/share/Odoo/filestore/dbx/f9/f9df5e5c45d0b3156ee4342098f34a94a16ab374
odoo/.local/share/Odoo/filestore/dbx/f9/f9c63494bce0a7f9fe1afbab43430f675dfb5595
odoo/.local/share/Odoo/filestore/dbx/4f/
odoo/.local/share/Odoo/filestore/dbx/4f/4f6ccc93652d3b5ac0e683bdce9a7b64fc4ebdb0
odoo/.local/share/Odoo/filestore/dbx/4f/4f437f92bcc62ad91755a527289026de9ddc0b80
odoo/.local/share/Odoo/filestore/dbx/4f/4fca9f47ef2569a21f22b2aa77063980511ec04c
odoo/.local/share/Odoo/filestore/dbx/4f/4fffa01eebf4e94d9f7388b45c7128b3bd0dc1ae
odoo/.local/share/Odoo/filestore/dbx/4f/4ff0ac7f2ddc15a99d905d9a5544f1c82e25798c
odoo/.local/share/Odoo/filestore/dbx/cb/
odoo/.local/share/Odoo/filestore/dbx/cb/cb188695911c6e9b4a062d657d28f0ffda09ec35
odoo/.local/share/Odoo/filestore/dbx/f3/
odoo/.local/share/Odoo/filestore/dbx/f3/f31bdf173e5748b875ca5e389e1edba54b4bff25
odoo/.local/share/Odoo/filestore/dbx/27/
odoo/.local/share/Odoo/filestore/dbx/27/278dacbb9352801a786328da0bb8d8d706d1cb18
odoo/.local/share/Odoo/filestore/dbx/27/27110550bf721e4befa20159f73b6b18774edca9
odoo/.local/share/Odoo/filestore/dbx/01/
odoo/.local/share/Odoo/filestore/dbx/01/019ef0c2131a8ce19db2409b5c245cdb9e44552d
odoo/.local/share/Odoo/filestore/dbx/01/01e6642662c954f1af72621eeb82ba2f326abbd0
odoo/.local/share/Odoo/filestore/dbx/a1/
odoo/.local/share/Odoo/filestore/dbx/a1/a12cbc860c866fdb46457bcb7961e0b1636ca648
odoo/.local/share/Odoo/filestore/dbx/a1/a13637ec2d4ec1220e80218ca6d33037fab3287d
odoo/.local/share/Odoo/filestore/dbx/a1/a18442a44c9eda2b5f73e2bbfbdbaf3a1b30b1b8
odoo/.local/share/Odoo/filestore/dbx/a1/a1600097a74b7d4407c60f4ae1f5fa425c521e52
odoo/.local/share/Odoo/filestore/dbx/fc/
odoo/.local/share/Odoo/filestore/dbx/fc/fcad3912ba5ee4c5bb79bfcdea5aa4f43dc5947b
odoo/.local/share/Odoo/filestore/dbx/fc/fcb585aa8aee78a3fa3db0d22f5958afbae5711a
odoo/.local/share/Odoo/filestore/dbx/ec/
odoo/.local/share/Odoo/filestore/dbx/ec/ecd5bf4a77b328351f9986ba8315d0e0e33c8d13
odoo/.local/share/Odoo/filestore/dbx/ec/ecee64cee3537136e3ae62a1b5dd6e0a528cc0fe
odoo/.local/share/Odoo/filestore/dbx/70/
odoo/.local/share/Odoo/filestore/dbx/70/7095c30dec0fc371a399eb7dbfceea96319fa702
odoo/.local/share/Odoo/filestore/dbx/70/702f777f2c0578d9aaca2d7937c5e5b8944afcc1
odoo/.local/share/Odoo/filestore/dbx/70/7058cd74d99976682823f9458df96f6583f9656b
odoo/.local/share/Odoo/filestore/dbx/46/
odoo/.local/share/Odoo/filestore/dbx/46/46fa035f80f497ea1083f238585ad5d174b5a478
odoo/.local/share/Odoo/filestore/dbx/46/462b4afed51a93fb01b65e4a06fe30ef0ba2ef41
odoo/.local/share/Odoo/filestore/dbx/eb/
odoo/.local/share/Odoo/filestore/dbx/eb/eba08c4645118d8216b63c41b1e1457aeeb757a6
odoo/.local/share/Odoo/filestore/dbx/5f/
odoo/.local/share/Odoo/filestore/dbx/5f/5ffd29cc17132151314744fcb0872e2a3cf55ff1
odoo/.local/share/Odoo/filestore/dbx/15/
odoo/.local/share/Odoo/filestore/dbx/15/15e1839c1cb653bc1d8f9957947061f3f61e9167
odoo/.local/share/Odoo/filestore/dbx/15/151b382a9c2c293b4326d028fa3b0fe9ccfc3b9d
odoo/.local/share/Odoo/filestore/dbx/13/
odoo/.local/share/Odoo/filestore/dbx/13/1342150f68192193272c43e1214e20fffd630ef5
odoo/.local/share/Odoo/filestore/dbx/13/131ee9f6528256b8334d26e2d0189fd05166cbc1
odoo/.local/share/Odoo/filestore/dbx/13/1325ab9cac860f95c052dc87aa923da0b1bca5ca
odoo/.local/share/Odoo/filestore/dbx/b3/
odoo/.local/share/Odoo/filestore/dbx/b3/b36c4ee2428727ab4725e3191c61c4d4dc5e059d
odoo/.local/share/Odoo/filestore/dbx/b3/b3f3cdc2e52f385bd3ecd686c77e8d5847bea862
odoo/.local/share/Odoo/filestore/dbx/b3/b3ad3f5be80f15cc00f95c1b98e358443dca2328
odoo/.local/share/Odoo/filestore/dbx/d0/
odoo/.local/share/Odoo/filestore/dbx/d0/d09086a0794cf3070f12e742f27126254b4e2b5a
odoo/.local/share/Odoo/filestore/dbx/19/
odoo/.local/share/Odoo/filestore/dbx/19/191d9f5b897c2724d0fd3dd97cbf9376b21fa1c3
odoo/.local/share/Odoo/filestore/dbx/4b/
odoo/.local/share/Odoo/filestore/dbx/4b/4ba6f4c1baf50722c2200bf08d9b4fa67f034e11
odoo/.local/share/Odoo/filestore/dbx/95/
odoo/.local/share/Odoo/filestore/dbx/95/9565ba84387a5b02152bfa50770cc23a51c2e812
odoo/.local/share/Odoo/filestore/dbx/95/9583a095091efa2ca62c417adfe84799d17c3aec
odoo/.local/share/Odoo/filestore/dbx/95/95627dc2c3a17588a90a0511a17ab8c9b834a018
odoo/.local/share/Odoo/filestore/dbx/bf/
odoo/.local/share/Odoo/filestore/dbx/bf/bfe0732734af5e432cba3b0108127be3d3ec89b9
odoo/.local/share/Odoo/filestore/dbx/88/
odoo/.local/share/Odoo/filestore/dbx/88/88035b3cbc47cdba6b68daf77970d69bf55e9e4d
odoo/.local/share/Odoo/filestore/dbx/88/8820e1035cfba37aad7df84a0e26bc8e82e39022
odoo/.local/share/Odoo/filestore/dbx/88/88b34fd75a599f8cf5a989b9fbdaed1637c11cc8
odoo/.local/share/Odoo/filestore/dbx/88/882fae706f7222ecc03879252ab6bfcf68ef1ad2
odoo/.local/share/Odoo/filestore/dbx/88/88f5d039cf8d0529c7ebccc8a7bb5ecb460e109e
odoo/.local/share/Odoo/filestore/dbx/88/886ce148818f72ee684da9a0951cac1214a0aeb7
odoo/.local/share/Odoo/filestore/dbx/88/88fde30360b832576cfb405e1803f323701cb481
odoo/.local/share/Odoo/filestore/dbx/88/88a7693befb72024fccf723230df1eaa90a35658
odoo/.local/share/Odoo/filestore/dbx/88/882cf6e5697903fd69b7700f5e51fd15096d136c
odoo/.local/share/Odoo/filestore/dbx/d7/
odoo/.local/share/Odoo/filestore/dbx/d7/d74af2dbd575031b37bee1fe374e787bdc5e301c
odoo/.local/share/Odoo/filestore/dbx/d7/d7b328ea088a4d5a9c5d8fcc287d8f9368c6df31
odoo/.local/share/Odoo/filestore/dbx/6c/
odoo/.local/share/Odoo/filestore/dbx/6c/6c9541e39119d72b2a5707076f90f7f3eab3ea32
odoo/.local/share/Odoo/filestore/dbx/6c/6c465b5a8750c86364af161aaa769afe8ca6f61d
odoo/.local/share/Odoo/filestore/dbx/78/
odoo/.local/share/Odoo/filestore/dbx/78/78cc9a792e98b81159aa29a0b0ec4d858227df2e
odoo/.local/share/Odoo/filestore/dbx/91/
odoo/.local/share/Odoo/filestore/dbx/91/91b1d8d170e332b32dfdb9534103af8464358101
odoo/.local/share/Odoo/filestore/dbx/91/91ef9228bb39491d0459a7a9aeeef3ab9ad8c153
odoo/.local/share/Odoo/filestore/dbx/91/915fac9229de1e448e621a154e79562a3401c1d3
odoo/.local/share/Odoo/filestore/dbx/91/917b19fddfae9dcc5a421a8ce20f742065b416de
odoo/.local/share/Odoo/filestore/dbx/68/
odoo/.local/share/Odoo/filestore/dbx/68/6878fab0406384d64b6e00610f1df942a5688324
odoo/.local/share/Odoo/filestore/dbx/68/68bfdc8d37132fb1caf541f18e5fb73a46fcaf07
odoo/.local/share/Odoo/filestore/dbx/30/
odoo/.local/share/Odoo/filestore/dbx/30/3049f0e2af8812984b50b2990e0fd213e92be371
odoo/.local/share/Odoo/filestore/dbx/30/30b3a50dcfe36720a34cbf0548d1fb36b5f683ef
odoo/.local/share/Odoo/filestore/dbx/dc/
odoo/.local/share/Odoo/filestore/dbx/dc/dc336ec0f1863fabafb76fc4cc25a57317173480
odoo/.local/share/Odoo/filestore/dbx/dc/dcb6d977c85554329430b436ff900158de14160c
odoo/.local/share/Odoo/filestore/dbx/72/
odoo/.local/share/Odoo/filestore/dbx/72/727fd7f21e3b5c38a55283a34db357270e75e534
odoo/.local/share/Odoo/filestore/dbx/72/728176003bd18f9231439ffdc58c9c7a554f8e4f
odoo/.local/share/Odoo/filestore/dbx/da/
odoo/.local/share/Odoo/filestore/dbx/da/dace52a1b97999d41cdb6d6356d0afd58264c34e
odoo/.local/share/Odoo/filestore/dbx/da/da60336d425dda5282336b67d00786063db08cdc
odoo/.local/share/Odoo/filestore/dbx/94/
odoo/.local/share/Odoo/filestore/dbx/94/94fb029e6fb49a1076e86404d36ea4b523ae8fd8
odoo/.local/share/Odoo/filestore/dbx/94/9426fe5e7bc41b7db000649bbf2353f19095096b
odoo/.local/share/Odoo/filestore/dbx/94/9472f98ac93524cff5b4376d5dea268cd4d2b344
odoo/.local/share/Odoo/filestore/dbx/e1/
odoo/.local/share/Odoo/filestore/dbx/e1/e1e1059a01d6e0b0eb2c934cf023d70bfa5ebfcd
odoo/.local/share/Odoo/filestore/dbx/77/
odoo/.local/share/Odoo/filestore/dbx/77/771001b718e62d64c20f53c98208193b3663334b
odoo/.local/share/Odoo/filestore/dbx/47/
odoo/.local/share/Odoo/filestore/dbx/47/479c0333486745f26aa8bc5739ff4adeab210e96
odoo/.local/share/Odoo/filestore/dbx/47/47cb27d1b0847949018a32c7aa8d3cab99dace3a
odoo/.local/share/Odoo/filestore/dbx/29/
odoo/.local/share/Odoo/filestore/dbx/29/29ac80afecb7ced709aefed8f165f318768730ae
odoo/.local/share/Odoo/filestore/dbx/29/29b0475769acdc831d826062e66e9fe5a1819932
odoo/.local/share/Odoo/filestore/dbx/29/29d8a23676c82150469b42441a85c93c9c976a1d
odoo/.local/share/Odoo/filestore/dbx/29/29d029ad005ae025cd23d283f285babbab239fa5
odoo/.local/share/Odoo/filestore/dbx/29/2957ce60ab6a2e36c69f773582039829eb365f21
odoo/.local/share/Odoo/filestore/dbx/87/
odoo/.local/share/Odoo/filestore/dbx/87/87ac9a394434c050fdd7c7fb2bcf7803df646994
odoo/.local/share/Odoo/filestore/dbx/87/87de52df5a03cf4ce53b2ec767380380ba94fe5c
odoo/.local/share/Odoo/filestore/dbx/87/8711ac8863524d47eaf9a63e6fa0f329e3cf7dc9
odoo/.local/share/Odoo/filestore/dbx/ee/
odoo/.local/share/Odoo/filestore/dbx/ee/eec2ef1b423de39aae892b80aaecea1c44a3ce5e
odoo/.local/share/Odoo/filestore/dbx/ee/ee86b5a23d57eb317f5ee79c4e5dd0af69264f6d
odoo/.local/share/Odoo/filestore/dbx/ee/ee4f03f2bfcc0f27563030b455e5cded64fac269
odoo/.local/share/Odoo/filestore/dbx/1d/
odoo/.local/share/Odoo/filestore/dbx/1d/1d695025b620cc90bd115824dbd8c6722fde6506
odoo/.local/share/Odoo/filestore/dbx/73/
odoo/.local/share/Odoo/filestore/dbx/73/739cf37a892759f418e0531bedbea80cd1dd5559
odoo/.local/share/Odoo/filestore/dbx/c4/
odoo/.local/share/Odoo/filestore/dbx/c4/c4c0b066c6582c6016d7cb69cc636ccf03ea9a91
odoo/.local/share/Odoo/filestore/dbx/a0/
odoo/.local/share/Odoo/filestore/dbx/a0/a0e1a7765ecad77b6bbfd1fb123606e11421a24f
odoo/.local/share/Odoo/filestore/dbx/a0/a07ccb77f9240c2343f692e7304fa88bdee11d53
odoo/.local/share/Odoo/filestore/dbx/a0/a0a6995c23d2a93d79b7854a83709d564db1dfbe
odoo/.local/share/Odoo/filestore/dbx/85/
odoo/.local/share/Odoo/filestore/dbx/85/85f08b980555f20ce8817e254ab581e39ff5d2eb
odoo/.local/share/Odoo/filestore/dbx/85/8537799b1ba12a3672303e7f47113cca43fa96f5
odoo/.local/share/Odoo/filestore/dbx/ed/
odoo/.local/share/Odoo/filestore/dbx/ed/edf3221b7d2fabe757328930b83eb266cd28ea71
odoo/.local/share/Odoo/filestore/dbx/ed/ed4ace210f22d1f4dc61359186bf05312864bb70
odoo/.local/share/Odoo/filestore/dbx/ed/ed44d0ac5246eb5be0ac28368ee9ac95e50794f7
odoo/.local/share/Odoo/filestore/dbx/ed/edb916cf75eb4959a40bfc6a0a2dbeed22ea8644
odoo/.local/share/Odoo/filestore/dbx/07/
odoo/.local/share/Odoo/filestore/dbx/07/07457bf842092eb506f068851e497cc1d6eaf377
odoo/.local/share/Odoo/filestore/dbx/07/076f5aff42dc94d5a20c1cd1b93041f2b96122de
odoo/.local/share/Odoo/filestore/dbx/07/077af1e6e083b2d34026990dd6ba370d1a522875
odoo/.local/share/Odoo/filestore/dbx/07/0738fe64d5b00a01d5c381653836c3bab2d4173a
odoo/.local/share/Odoo/filestore/dbx/ce/
odoo/.local/share/Odoo/filestore/dbx/ce/cebcd6a1510ed163049e1ac0b81e3eec738ee7de
odoo/.local/share/Odoo/filestore/dbx/ce/ce914dcb0057dc3a50181c7b522a12393c92b8c0
odoo/.local/share/Odoo/filestore/dbx/ce/cef9384120a466259b4f6d81bc23f18483996cbd
odoo/.local/share/Odoo/filestore/dbx/d4/
odoo/.local/share/Odoo/filestore/dbx/d4/d48fcd24b0906d1eacdbc9818d6ec8cddd691053
odoo/.local/share/Odoo/filestore/dbx/3c/
odoo/.local/share/Odoo/filestore/dbx/3c/3c35ca928638f4a8639750b18043cf14dfbfd31b
odoo/.local/share/Odoo/filestore/dbx/3c/3c4654ff6b6ca63962bebbfb1a724fcf0e8833dd
odoo/.local/share/Odoo/filestore/dbx/02/
odoo/.local/share/Odoo/filestore/dbx/02/023fe7d5cfe8cffeecaa926b1626811fe926585a
odoo/.local/share/Odoo/filestore/dbx/02/027bb595d0b40e27f8163cd8a75891874cf605ef
odoo/.local/share/Odoo/filestore/dbx/6e/
odoo/.local/share/Odoo/filestore/dbx/6e/6e814c0070e1c41ec288e2f5fafe70af2153b9b3
odoo/.local/share/Odoo/filestore/dbx/6e/6e5d56f5ecddfeb525523b9aa0ca159c728d2a0c
odoo/.local/share/Odoo/filestore/dbx/6e/6e5b09214881d8e68d3c51a2d9d7695623a262a1
odoo/.local/share/Odoo/filestore/dbx/6e/6ee035bf3cc180b8cb79259cbf45ce9d3b3fcfc3
odoo/.local/share/Odoo/filestore/dbx/e0/
odoo/.local/share/Odoo/filestore/dbx/e0/e07086ec7d2fd4210b8a51f72973b1d66d08da8c
odoo/.local/share/Odoo/filestore/dbx/e0/e0c485c7fab479f981dfd8ca9c8bcf51e466f157
odoo/.local/share/Odoo/filestore/dbx/e0/e0b284c510d4e099d0be31a48458b03759850bd7
odoo/.local/share/Odoo/filestore/dbx/e0/e00b690f447e994ec2e6c207e1bf587899db148e
odoo/.local/share/Odoo/filestore/dbx/11/
odoo/.local/share/Odoo/filestore/dbx/11/11522773bdf70a9fdac2f068e34ab95bf5409fc9
odoo/.local/share/Odoo/filestore/dbx/11/119f196addf8f1f82ecf1445f9b242a4657d42a0
odoo/.local/share/Odoo/filestore/dbx/11/11b36641c5f86907c3da58d50328c8272e8bc361
odoo/.local/share/Odoo/filestore/dbx/bd/
odoo/.local/share/Odoo/filestore/dbx/bd/bd8f7b13564e2e82ae21f0dccb81561cbc5721ff
odoo/.local/share/Odoo/filestore/dbx/c2/
odoo/.local/share/Odoo/filestore/dbx/c2/c2a027bb4f8b098474227c157f412d9204f198de
odoo/.local/share/Odoo/filestore/dbx/c2/c27e86170343e94c811a1b759ebb06b95d7280d9
odoo/.local/share/Odoo/filestore/dbx/c2/c21786bd9e631fea2f71a8df82317e408ab5da82
odoo/.local/share/Odoo/filestore/dbx/c2/c22b102e9600f53fc5ddfc12f61678da7f99b1a8
odoo/.local/share/Odoo/filestore/dbx/c2/c2c7b4cbbb2e3c6747ece3833025e73b32e3ca91
odoo/.local/share/Odoo/filestore/dbx/c2/c2a5efd47bb8ef9b6d701ec0558f8a2254f68538
odoo/.local/share/Odoo/filestore/dbx/dd/
odoo/.local/share/Odoo/filestore/dbx/dd/dd4f26a3136f030df55591fadcde6d2d6875cbb2
odoo/.local/share/Odoo/filestore/dbx/dd/ddc2ddc841224a2163f2d3c85571a9bf7f8dfdf2
odoo/.local/share/Odoo/filestore/dbx/dd/dd2cc85d2bf652e7f0c6cb86c1bee4116d0fd050
odoo/.local/share/Odoo/filestore/dbx/dd/dd2f7a2031ebd42923257ff59e4aaf702211fb88
odoo/.local/share/Odoo/filestore/dbx/2a/
odoo/.local/share/Odoo/filestore/dbx/2a/2ab9546414ed0a2830df164c2ba97c442dadbc71
odoo/.local/share/Odoo/filestore/dbx/2a/2a6847d51f85d4fdd00b764e1e38e797057769f0
odoo/.local/share/Odoo/filestore/dbx/41/
odoo/.local/share/Odoo/filestore/dbx/41/410529a92f23e813a826ad32a077172aff526967
odoo/.local/share/Odoo/filestore/dbx/41/418def6f1dd9f0e1c608b7e5d283b096c7461b44
odoo/.local/share/Odoo/filestore/dbx/de/
odoo/.local/share/Odoo/filestore/dbx/de/dec66ebad9ec77e9612cc0648389d3d9437be05b
odoo/.local/share/Odoo/filestore/dbx/de/dea7936234e24e3e52678e9f451988f1b70a01fc
odoo/.local/share/Odoo/filestore/dbx/de/de26dbbbf67e66187a3dfe3d4064a5c3df2bcd98
odoo/.local/share/Odoo/filestore/dbx/de/de2dcc7f99b34a88168df9b748d8b235e2fa4e50
odoo/.local/share/Odoo/filestore/dbx/de/ded673673c224f2d25fae9a6a941fccacda0b95d
odoo/.local/share/Odoo/filestore/dbx/de/ded9a34feac7f627f7fdd23e818d9129a1a9a1e3
odoo/.local/share/Odoo/filestore/dbx/ef/
odoo/.local/share/Odoo/filestore/dbx/ef/efedc58886a6f0e57e3d2df4aa0e64a1300875e4
odoo/.local/share/Odoo/filestore/dbx/ef/ef0a571cadfe9e7c3b8e455e9dcee734299d95ff
odoo/.local/share/Odoo/filestore/dbx/6a/
odoo/.local/share/Odoo/filestore/dbx/6a/6aba4dd7477ebcee9d86feaad8e3cf4828d5321c
odoo/.local/share/Odoo/filestore/dbx/1b/
odoo/.local/share/Odoo/filestore/dbx/1b/1b489a13bc04f888e6d9c7f37f057fc48bc17337
odoo/.local/share/Odoo/filestore/dbx/1b/1b0a7bbdbb2e3a7009963150b45fe1cc0ae07394
odoo/.local/share/Odoo/filestore/dbx/1b/1b968f62e4c75dc18bda1239829bb6e8302c0f6c
odoo/.local/share/Odoo/filestore/dbx/99/
odoo/.local/share/Odoo/filestore/dbx/99/99c6b4a3ea000b09b635b7de540214f2083f824a
odoo/.local/share/Odoo/filestore/dbx/5a/
odoo/.local/share/Odoo/filestore/dbx/5a/5a4da1ae4e2b9f372847568b3ad0dce23c30bf79
odoo/.local/share/Odoo/filestore/dbx/5a/5a1c2508dcdc0a1d440ffa916ebf9b79e42da47b
odoo/.local/share/Odoo/filestore/dbx/b1/
odoo/.local/share/Odoo/filestore/dbx/b1/b15835fdac8df7a502d7203681ca1b44866be2ce
odoo/.local/share/Odoo/filestore/dbx/93/
odoo/.local/share/Odoo/filestore/dbx/93/933c07776c6df2c127dd9a75ca616ab895eeb821
odoo/.local/share/Odoo/filestore/dbx/93/9375dc8a6406fad8dc805eb8d0ce1defffd8cdc0
odoo/.local/share/Odoo/filestore/dbx/93/93209fcf9532f55868b7611603355cb55a124655
odoo/.local/share/Odoo/filestore/dbx/93/93333b1894a79789509aff005c903caed4872db3
odoo/.local/share/Odoo/filestore/dbx/e6/
odoo/.local/share/Odoo/filestore/dbx/e6/e6e0c664f9d9c4a3cda34fd1c67117e31b87cd68
odoo/.local/share/Odoo/filestore/dbx/e6/e6a67bac7cb299e788c15992092fcf8777b4ca5a
odoo/.local/share/Odoo/filestore/dbx/e6/e6ad1d122347a66105766023cbcf0ecd812b8eb1
odoo/.local/share/Odoo/filestore/dbx/44/
odoo/.local/share/Odoo/filestore/dbx/44/44d1661b24fa9f688091c8256535434b60aafba7
odoo/.local/share/Odoo/filestore/dbx/34/
odoo/.local/share/Odoo/filestore/dbx/34/34f1dbae59661b1783d3f177b5fe8137af038863
odoo/.local/share/Odoo/filestore/dbx/34/34714cb78d71ad440b277ebf8a5dc51c0b010f7d
odoo/.local/share/Odoo/filestore/dbx/34/344411fee70a44e6558ebd36f3a0857ce7a973a3
odoo/.local/share/Odoo/filestore/dbx/33/
odoo/.local/share/Odoo/filestore/dbx/33/330dd21aec79fd4111168ae7930258ba0d298a0d
odoo/.local/share/Odoo/filestore/dbx/33/3353b732b681864f6af0dd0f1b09ac46cb06b301
odoo/.local/share/Odoo/filestore/dbx/33/33628b93e8262e4fccd406d88ec7cf9151e5bef1
odoo/.local/share/Odoo/filestore/dbx/9b/
odoo/.local/share/Odoo/filestore/dbx/9b/9b1a6b91a84e6698449b4edaf5edc02a0c67d2b8
odoo/.local/share/Odoo/filestore/dbx/9b/9b1117f9825f576029ca1b36d1c49e01fe972d97
odoo/.local/share/Odoo/filestore/dbx/89/
odoo/.local/share/Odoo/filestore/dbx/89/890dc2c54b51ca5b95faec03e7837e95d4df00f2
odoo/.local/share/Odoo/filestore/dbx/89/89d50205f8ec94173033236f128fd174aef493c3
odoo/.local/share/Odoo/filestore/dbx/b9/
odoo/.local/share/Odoo/filestore/dbx/b9/b99b6f983c6da35ef4920881b693c37c9d9bc060
odoo/.local/share/Odoo/filestore/dbx/b9/b90b4f1115ddce1c823472cfe61a13612f42c588
odoo/.local/share/Odoo/filestore/dbx/62/
odoo/.local/share/Odoo/filestore/dbx/62/62ea50bb5d1c111e86091d0e7f319a6826df8c46
odoo/.local/share/Odoo/filestore/dbx/45/
odoo/.local/share/Odoo/filestore/dbx/45/45e80e7278cd88b606feabf7eb0e26f81472b367
odoo/.local/share/Odoo/filestore/dbx/45/45624d51669eb980ed06b12bc08d4f061c50703c
odoo/.local/share/Odoo/filestore/dbx/90/
odoo/.local/share/Odoo/filestore/dbx/90/90d9da345e3f85d0c55569d524d46923472d3a3f
odoo/.local/share/Odoo/filestore/dbx/81/
odoo/.local/share/Odoo/filestore/dbx/81/81746302d0c7d13b3e2d1cb60200270449be8243
odoo/.local/share/Odoo/filestore/dbx/d8/
odoo/.local/share/Odoo/filestore/dbx/d8/d849863c0f3ff1294e45316409cfe146ec348804
Backup completed successfully!
